2024-10-31 13:28:19,150 DEBUG    root            Loaded Command Group: ['gcloud', 'components']
2024-10-31 13:28:19,153 DEBUG    root            Loaded Command Group: ['gcloud', 'components', 'update']
2024-10-31 13:28:19,156 DEBUG    root            Running [gcloud.components.update] with arguments: [--quiet: "True", COMPONENT-IDS:8: "['gcloud', 'core', 'bq', 'gsutil', 'compute', 'preview', 'alpha', 'beta']"]
2024-10-31 13:28:19,158 INFO     ___FILE_ONLY___ Beginning update. This process may take several minutes.

2024-10-31 13:28:19,169 DEBUG    urllib3.connectionpool Starting new HTTPS connection (1): dl.google.com:443
2024-10-31 13:28:19,235 DEBUG    urllib3.connectionpool https://dl.google.com:443 "GET /dl/cloudsdk/channels/rapid/components-2.json HTTP/1.1" 200 226997
2024-10-31 13:28:19,258 WARNING  root            Component [preview] no longer exists.
2024-10-31 13:28:19,258 WARNING  root            Component [compute] no longer exists.
2024-10-31 13:28:19,260 INFO     ___FILE_ONLY___ 

2024-10-31 13:28:19,260 INFO     ___FILE_ONLY___ 
Your current Google Cloud CLI version is: 499.0.0

2024-10-31 13:28:19,260 INFO     ___FILE_ONLY___ Installing components from version: 499.0.0

2024-10-31 13:28:19,260 INFO     ___FILE_ONLY___ 

2024-10-31 13:28:19,260 DEBUG    root            Chosen display Format:table[box,title="These components will be removed."](details.display_name:label=Name:align=left,version.version_string:label=Version:align=right,data.size.size(zero="",min=1048576):label=Size:align=right)
2024-10-31 13:28:19,261 DEBUG    root            Chosen display Format:table[box,title="These components will be updated."](details.display_name:label=Name:align=left,version.version_string:label=Version:align=right,data.size.size(zero="",min=1048576):label=Size:align=right)
2024-10-31 13:28:19,262 DEBUG    root            Chosen display Format:table[box,title="These components will be installed."](details.display_name:label=Name:align=left,version.version_string:label=Version:align=right,data.size.size(zero="",min=1048576):label=Size:align=right)
2024-10-31 13:28:19,285 INFO     ___FILE_ONLY___ ┌──────────────────────────────────────────────┐
2024-10-31 13:28:19,285 INFO     ___FILE_ONLY___ 

2024-10-31 13:28:19,285 INFO     ___FILE_ONLY___ │     These components will be installed.      │
2024-10-31 13:28:19,285 INFO     ___FILE_ONLY___ 

2024-10-31 13:28:19,285 INFO     ___FILE_ONLY___ ├───────────────────────┬────────────┬─────────┤
2024-10-31 13:28:19,285 INFO     ___FILE_ONLY___ 

2024-10-31 13:28:19,285 INFO     ___FILE_ONLY___ │          Name         │  Version   │   Size  │
2024-10-31 13:28:19,285 INFO     ___FILE_ONLY___ 

2024-10-31 13:28:19,285 INFO     ___FILE_ONLY___ ├───────────────────────┼────────────┼─────────┤
2024-10-31 13:28:19,285 INFO     ___FILE_ONLY___ 

2024-10-31 13:28:19,285 INFO     ___FILE_ONLY___ │ 
2024-10-31 13:28:19,286 INFO     ___FILE_ONLY___ gcloud Alpha Commands
2024-10-31 13:28:19,286 INFO     ___FILE_ONLY___  
2024-10-31 13:28:19,286 INFO     ___FILE_ONLY___ │ 
2024-10-31 13:28:19,286 INFO     ___FILE_ONLY___ 2024.10.25
2024-10-31 13:28:19,286 INFO     ___FILE_ONLY___  
2024-10-31 13:28:19,286 INFO     ___FILE_ONLY___ │ 
2024-10-31 13:28:19,286 INFO     ___FILE_ONLY___ < 1 MiB
2024-10-31 13:28:19,286 INFO     ___FILE_ONLY___  
2024-10-31 13:28:19,286 INFO     ___FILE_ONLY___ │
2024-10-31 13:28:19,286 INFO     ___FILE_ONLY___ 

2024-10-31 13:28:19,286 INFO     ___FILE_ONLY___ │ 
2024-10-31 13:28:19,286 INFO     ___FILE_ONLY___ gcloud Beta Commands 
2024-10-31 13:28:19,286 INFO     ___FILE_ONLY___  
2024-10-31 13:28:19,287 INFO     ___FILE_ONLY___ │ 
2024-10-31 13:28:19,287 INFO     ___FILE_ONLY___ 2024.10.25
2024-10-31 13:28:19,287 INFO     ___FILE_ONLY___  
2024-10-31 13:28:19,287 INFO     ___FILE_ONLY___ │ 
2024-10-31 13:28:19,287 INFO     ___FILE_ONLY___ < 1 MiB
2024-10-31 13:28:19,287 INFO     ___FILE_ONLY___  
2024-10-31 13:28:19,287 INFO     ___FILE_ONLY___ │
2024-10-31 13:28:19,287 INFO     ___FILE_ONLY___ 

2024-10-31 13:28:19,287 INFO     ___FILE_ONLY___ └───────────────────────┴────────────┴─────────┘
2024-10-31 13:28:19,287 INFO     ___FILE_ONLY___ 

2024-10-31 13:28:19,287 INFO     ___FILE_ONLY___ 

2024-10-31 13:28:19,291 DEBUG    urllib3.connectionpool Starting new HTTPS connection (1): dl.google.com:443
2024-10-31 13:28:19,358 DEBUG    urllib3.connectionpool https://dl.google.com:443 "GET /dl/cloudsdk/channels/rapid/RELEASE_NOTES HTTP/1.1" 200 1304192
2024-10-31 13:28:19,431 INFO     ___FILE_ONLY___ For the latest full release notes, please visit:
  https://cloud.google.com/sdk/release_notes


2024-10-31 13:28:19,431 INFO     ___FILE_ONLY___ Performing in place update...


2024-10-31 13:28:19,434 INFO     ___FILE_ONLY___ ╔════════════════════════════════════════════════════════════╗

2024-10-31 13:28:19,434 INFO     ___FILE_ONLY___ ╠═ Downloading: gcloud Alpha Commands                       ═╣

2024-10-31 13:28:19,434 INFO     ___FILE_ONLY___ ╚
2024-10-31 13:28:19,438 DEBUG    urllib3.connectionpool Starting new HTTPS connection (1): dl.google.com:443
2024-10-31 13:28:19,502 DEBUG    urllib3.connectionpool https://dl.google.com:443 "GET /dl/cloudsdk/channels/rapid/components/google-cloud-sdk-alpha-20241025173437.tar.gz HTTP/1.1" 200 800
2024-10-31 13:28:19,503 INFO     ___FILE_ONLY___ ════════════════════════════════════════════════════════════
2024-10-31 13:28:19,503 INFO     ___FILE_ONLY___ ╝

2024-10-31 13:28:19,505 INFO     ___FILE_ONLY___ ╔════════════════════════════════════════════════════════════╗

2024-10-31 13:28:19,505 INFO     ___FILE_ONLY___ ╠═ Downloading: gcloud Beta Commands                        ═╣

2024-10-31 13:28:19,505 INFO     ___FILE_ONLY___ ╚
2024-10-31 13:28:19,509 DEBUG    urllib3.connectionpool Starting new HTTPS connection (1): dl.google.com:443
2024-10-31 13:28:19,573 DEBUG    urllib3.connectionpool https://dl.google.com:443 "GET /dl/cloudsdk/channels/rapid/components/google-cloud-sdk-beta-20241025173437.tar.gz HTTP/1.1" 200 797
2024-10-31 13:28:19,574 INFO     ___FILE_ONLY___ ════════════════════════════════════════════════════════════
2024-10-31 13:28:19,574 INFO     ___FILE_ONLY___ ╝

2024-10-31 13:28:19,576 INFO     ___FILE_ONLY___ ╔════════════════════════════════════════════════════════════╗

2024-10-31 13:28:19,577 INFO     ___FILE_ONLY___ ╠═ Installing: gcloud Alpha Commands                        ═╣

2024-10-31 13:28:19,577 INFO     ___FILE_ONLY___ ╚
2024-10-31 13:28:19,578 INFO     ___FILE_ONLY___ ════════════════════════════════════════════════════════════
2024-10-31 13:28:19,578 INFO     ___FILE_ONLY___ ╝

2024-10-31 13:28:19,587 INFO     ___FILE_ONLY___ ╔════════════════════════════════════════════════════════════╗

2024-10-31 13:28:19,587 INFO     ___FILE_ONLY___ ╠═ Installing: gcloud Beta Commands                         ═╣

2024-10-31 13:28:19,588 INFO     ___FILE_ONLY___ ╚
2024-10-31 13:28:19,588 INFO     ___FILE_ONLY___ ════════════════════════════════════════════════════════════
2024-10-31 13:28:19,589 INFO     ___FILE_ONLY___ ╝

2024-10-31 13:28:19,599 DEBUG    root            Updating notification cache...
2024-10-31 13:28:19,599 INFO     ___FILE_ONLY___ 

2024-10-31 13:28:19,601 INFO     ___FILE_ONLY___ Performing post processing steps...
2024-10-31 13:28:19,602 DEBUG    root            Executing command: ['/tools/google-cloud-sdk/bin/gcloud', 'components', 'post-process']
2024-10-31 13:28:32,638 DEBUG    ___FILE_ONLY___ 
2024-10-31 13:28:32,638 DEBUG    ___FILE_ONLY___ 
2024-10-31 13:28:32,882 INFO     ___FILE_ONLY___ 
Update done!


2024-10-31 13:28:32,885 DEBUG    root            Chosen display Format:none
2024-10-31 13:28:32,886 INFO     root            Display format: "none"
